{
  "RSpec": {
    "coverage": {
      "/Users/fran.armijo/Desktop/personal/moover/moover-api/app/models/move.rb": {
        "lines": [
          1,
          1,
          1,
          1,
          null,
          null,
          1,
          null,
          null,
          null,
          null,
          null,
          null,
          null,
          1,
          null,
          null,
          null,
          null,
          null,
          null,
          1,
          1,
          1,
          1,
          null,
          null,
          1,
          null,
          null,
          1,
          1,
          1,
          null,
          null,
          1,
          null,
          null,
          1,
          null,
          null,
          1,
          null,
          0,
          null,
          null,
          0,
          0,
          null,
          null,
          null,
          0,
          null,
          0,
          null,
          null,
          null,
          1,
          0,
          null,
          null,
          1,
          null,
          1,
          43,
          null,
          42,
          null,
          42,
          1,
          null,
          null,
          null,
          1,
          43,
          null,
          43,
          0,
          null,
          null,
          null,
          1,
          43,
          null,
          null,
          43,
          1,
          null,
          null,
          null,
          43,
          0,
          null,
          null,
          null,
          43,
          0,
          null,
          null,
          null,
          1,
          43,
          null,
          43,
          2,
          null,
          null,
          null,
          1,
          43,
          null,
          0,
          0,
          null,
          null,
          0,
          0,
          null,
          null,
          null,
          0,
          0,
          null,
          null,
          null,
          1,
          0,
          0,
          0,
          null,
          null,
          null,
          1,
          0,
          0,
          null,
          0,
          null,
          null,
          null,
          1,
          0,
          0,
          null,
          null,
          null,
          1,
          0,
          0,
          null,
          0,
          null,
          null,
          null,
          null,
          null,
          null,
          null,
          null,
          1,
          0,
          null,
          0,
          0,
          null,
          null
        ]
      },
      "/Users/fran.armijo/Desktop/personal/moover/moover-api/app/models/application_record.rb": {
        "lines": [
          1,
          1,
          null
        ]
      },
      "/Users/fran.armijo/Desktop/personal/moover/moover-api/app/models/task.rb": {
        "lines": [
          1,
          1,
          null,
          null,
          1,
          null,
          1,
          1,
          null,
          null,
          1,
          null,
          null,
          1,
          5,
          3,
          5,
          null,
          null,
          2,
          1,
          1,
          1,
          1,
          1,
          1,
          null,
          null,
          1,
          3,
          2,
          null,
          2,
          null,
          null,
          null,
          1,
          2,
          null,
          1,
          null,
          null,
          null,
          1,
          121,
          121,
          null,
          104,
          100,
          null,
          4,
          null,
          null,
          null,
          null,
          1,
          121,
          null,
          46,
          null,
          13,
          null,
          16,
          null,
          17,
          null,
          21,
          null,
          8,
          null,
          0,
          null,
          0,
          null,
          null,
          null,
          null,
          1,
          0,
          0,
          null,
          0,
          0,
          0,
          0,
          0,
          0,
          0,
          0,
          0,
          0,
          0,
          0,
          0,
          0,
          0,
          0,
          0,
          0,
          0,
          0,
          null,
          null,
          null,
          null,
          null,
          1,
          0,
          0,
          null,
          0,
          0,
          0,
          0,
          0,
          0,
          0,
          0,
          0,
          0,
          0,
          0,
          0,
          0,
          0,
          0,
          0,
          0,
          0,
          0,
          null,
          null,
          null,
          null
        ]
      },
      "/Users/fran.armijo/Desktop/personal/moover/moover-api/app/models/user.rb": {
        "lines": [
          1,
          1,
          1,
          null,
          1,
          1,
          null,
          1,
          null,
          null,
          1,
          0,
          null,
          null,
          1,
          null,
          1,
          69,
          null,
          null
        ]
      },
      "/Users/fran.armijo/Desktop/personal/moover/moover-api/app/models/user_task.rb": {
        "lines": [
          1,
          1,
          1,
          1,
          null,
          1,
          1,
          null,
          null,
          2,
          2,
          2,
          1,
          2,
          1,
          null,
          null,
          1,
          null,
          null,
          1,
          3,
          null,
          null,
          1,
          0,
          null,
          null,
          1,
          3,
          3,
          null,
          null,
          1,
          2,
          null,
          null,
          1,
          1,
          null,
          null,
          1,
          null,
          1,
          20,
          7,
          null,
          13,
          null,
          null,
          null
        ]
      },
      "/Users/fran.armijo/Desktop/personal/moover/moover-api/app/controllers/api/auth_controller.rb": {
        "lines": [
          1,
          null,
          1,
          1,
          null,
          1,
          5,
          5,
          5,
          5,
          2,
          2,
          null,
          3,
          null,
          null,
          null,
          1,
          7,
          7,
          null,
          6,
          6,
          3,
          3,
          null,
          3,
          null,
          null,
          null,
          1,
          null,
          1,
          5,
          null,
          null,
          1,
          10,
          null,
          null,
          null
        ]
      },
      "/Users/fran.armijo/Desktop/personal/moover/moover-api/app/controllers/application_controller.rb": {
        "lines": [
          1,
          1,
          null
        ]
      },
      "/Users/fran.armijo/Desktop/personal/moover/moover-api/app/controllers/concerns/jwt_authenticatable.rb": {
        "lines": [
          1,
          1,
          null,
          1,
          null,
          1,
          null,
          null,
          null,
          null,
          1,
          21,
          3,
          0,
          null,
          3,
          null,
          3,
          null,
          null,
          null,
          1,
          55,
          null,
          36,
          36,
          null,
          null,
          1,
          null,
          5,
          5,
          null,
          null,
          1,
          null,
          1,
          3,
          null,
          null,
          0,
          0,
          0,
          0,
          null,
          0,
          null,
          null,
          null,
          1,
          57,
          39,
          39,
          null,
          null,
          null,
          1,
          36,
          null,
          null,
          18,
          0,
          0,
          0,
          null,
          0,
          0,
          null,
          null,
          null
        ]
      },
      "/Users/fran.armijo/Desktop/personal/moover/moover-api/app/controllers/api/tasks_controller.rb": {
        "lines": [
          1,
          1,
          null,
          null,
          1,
          11,
          null,
          null,
          11,
          null,
          11,
          4,
          3,
          1,
          1,
          null,
          null,
          null,
          11,
          1,
          null,
          null,
          11,
          1,
          null,
          null,
          11,
          null,
          null,
          null,
          1,
          2,
          null,
          null,
          null,
          1,
          3,
          null,
          21,
          null,
          3,
          3,
          3,
          3,
          3,
          3,
          3,
          0,
          null,
          null,
          null,
          null,
          3,
          null,
          null,
          1,
          null,
          1,
          3,
          null,
          null
        ]
      },
      "/Users/fran.armijo/Desktop/personal/moover/moover-api/app/controllers/api/protected_controller.rb": {
        "lines": [
          null,
          1,
          1,
          1,
          null,
          1,
          1,
          null,
          null,
          null
        ]
      },
      "/Users/fran.armijo/Desktop/personal/moover/moover-api/app/serializers/task_serializer.rb": {
        "lines": [
          1,
          1,
          null,
          null,
          null,
          1,
          1,
          1,
          null,
          1,
          118,
          null,
          null,
          1,
          118,
          null,
          null,
          1,
          118,
          null,
          63,
          127,
          19,
          18,
          7,
          7,
          7,
          14,
          14,
          7,
          8,
          8,
          1,
          0,
          0,
          1,
          7,
          7,
          1,
          1,
          null,
          null,
          null,
          null
        ]
      },
      "/Users/fran.armijo/Desktop/personal/moover/moover-api/app/models/room.rb": {
        "lines": [
          1,
          1,
          1,
          null,
          null,
          1,
          null,
          null,
          null,
          null,
          null,
          null,
          null,
          null,
          null,
          null,
          null,
          null,
          null,
          null,
          null,
          null,
          null,
          null,
          null,
          null,
          1,
          1,
          1,
          null,
          null,
          1,
          2,
          null,
          null
        ]
      },
      "/Users/fran.armijo/Desktop/personal/moover/moover-api/app/channels/application_cable/channel.rb": {
        "lines": [
          0,
          0,
          0,
          0
        ],
        "branches": {
        }
      },
      "/Users/fran.armijo/Desktop/personal/moover/moover-api/app/channels/application_cable/connection.rb": {
        "lines": [
          0,
          0,
          0,
          0
        ],
        "branches": {
        }
      },
      "/Users/fran.armijo/Desktop/personal/moover/moover-api/app/controllers/api/moves_controller.rb": {
        "lines": [
          0,
          0,
          0,
          null,
          null,
          0,
          0,
          null,
          0,
          0,
          0,
          0,
          0,
          0,
          0,
          0,
          0,
          null,
          null,
          0,
          0,
          0,
          0,
          0,
          0,
          0,
          0,
          0,
          0,
          null,
          null,
          0,
          0,
          0,
          null,
          null,
          0,
          0,
          null,
          0,
          0,
          0,
          0,
          0,
          0,
          0,
          0,
          0,
          0,
          0,
          0,
          null,
          null,
          0,
          0,
          0,
          0,
          0,
          0,
          0,
          0,
          0,
          0,
          0,
          0,
          0,
          null,
          null,
          0,
          0,
          0,
          0,
          0,
          0,
          0,
          0,
          0,
          0,
          0,
          0,
          null,
          0,
          null,
          0,
          0,
          0,
          0,
          0,
          null,
          0,
          0,
          0,
          0,
          0,
          0,
          0,
          0,
          0,
          0,
          0,
          0
        ],
        "branches": {
        }
      },
      "/Users/fran.armijo/Desktop/personal/moover/moover-api/app/controllers/api/rooms_controller.rb": {
        "lines": [
          0,
          0,
          0,
          null,
          null,
          0,
          0,
          0,
          0,
          null,
          null,
          0,
          0,
          0,
          null,
          null,
          0,
          0,
          null,
          0,
          null,
          0,
          null,
          0,
          0,
          0,
          0,
          0,
          null,
          null,
          0,
          0,
          0,
          0,
          0,
          0,
          0,
          null,
          null,
          0,
          0,
          0,
          0,
          null,
          null,
          0,
          0,
          0,
          0,
          0,
          0,
          0,
          0,
          0,
          0,
          0,
          0,
          0,
          0,
          0,
          0,
          0,
          0,
          0,
          0,
          0,
          0,
          0,
          0,
          0,
          0,
          0,
          null,
          0,
          0,
          null,
          0,
          null,
          0,
          0,
          0,
          null,
          0,
          0,
          0,
          null,
          0,
          0,
          0,
          0
        ],
        "branches": {
        }
      },
      "/Users/fran.armijo/Desktop/personal/moover/moover-api/app/controllers/api/user_tasks_controller.rb": {
        "lines": [
          0,
          0,
          0,
          null,
          null,
          0,
          0,
          null,
          null,
          0,
          0,
          0,
          null,
          null,
          0,
          0,
          0,
          0,
          0,
          0,
          0,
          0,
          0,
          0,
          null,
          0,
          0,
          null,
          null,
          0,
          0,
          0,
          null,
          null,
          0,
          0,
          0,
          0,
          0,
          0,
          0,
          null,
          null,
          0,
          0,
          0,
          0,
          null,
          null,
          0,
          0,
          null,
          0,
          0,
          0,
          0,
          0,
          0,
          null,
          null,
          0,
          0,
          null,
          0,
          0,
          0,
          0,
          0,
          0,
          null,
          null,
          0,
          0,
          0,
          0,
          0,
          0,
          0,
          null,
          0,
          null,
          null,
          0,
          0,
          0,
          0,
          null,
          0,
          0,
          0,
          0,
          0,
          null,
          0,
          0,
          0,
          0,
          0,
          0,
          0,
          null,
          0,
          0,
          0,
          0,
          0,
          0,
          0,
          0,
          0,
          0,
          0,
          null,
          0,
          null,
          0,
          0,
          0,
          null,
          0,
          0,
          0,
          null,
          0,
          0,
          0,
          0
        ],
        "branches": {
        }
      },
      "/Users/fran.armijo/Desktop/personal/moover/moover-api/app/jobs/application_job.rb": {
        "lines": [
          0,
          null,
          null,
          null,
          null,
          null,
          0
        ],
        "branches": {
        }
      },
      "/Users/fran.armijo/Desktop/personal/moover/moover-api/app/mailers/application_mailer.rb": {
        "lines": [
          0,
          0,
          0,
          0
        ],
        "branches": {
        }
      },
      "/Users/fran.armijo/Desktop/personal/moover/moover-api/app/serializers/move_serializer.rb": {
        "lines": [
          0,
          0,
          0,
          0,
          null,
          null,
          0,
          0,
          null,
          null,
          0,
          0,
          null,
          0,
          0,
          0,
          null,
          0,
          0,
          0,
          0,
          0,
          0,
          0,
          0,
          0,
          0,
          null,
          0,
          0,
          0,
          null,
          0,
          0,
          null,
          0,
          0,
          0,
          0
        ],
        "branches": {
        }
      },
      "/Users/fran.armijo/Desktop/personal/moover/moover-api/app/serializers/room_serializer.rb": {
        "lines": [
          0,
          0,
          null,
          null,
          0,
          0,
          0,
          0,
          null,
          0,
          0,
          0,
          0,
          0,
          0,
          0,
          0,
          0,
          0,
          0,
          0,
          0,
          0,
          0,
          0,
          0,
          0,
          0,
          0,
          0,
          0,
          0,
          null,
          0,
          0,
          0,
          null,
          0,
          0,
          0,
          null,
          0,
          0,
          0,
          0,
          0
        ],
        "branches": {
        }
      },
      "/Users/fran.armijo/Desktop/personal/moover/moover-api/app/serializers/user_task_serializer.rb": {
        "lines": [
          0,
          0,
          0,
          null,
          null,
          0,
          0,
          0,
          null,
          null,
          0,
          0,
          0,
          null,
          0,
          0,
          0,
          0,
          0,
          0,
          0,
          0,
          0,
          0,
          0,
          0,
          0,
          null,
          0,
          0,
          null,
          0,
          null,
          0,
          0,
          0,
          0,
          0,
          0,
          0,
          0,
          0,
          0,
          null,
          0,
          0,
          0,
          0
        ],
        "branches": {
        }
      }
    },
    "timestamp": 1754774507
  }
}
